Mensaje I / 00:00:00:000 / Root(00) para top(01)
Mensaje I / 00:00:00:000 / top(01) para hs1(02)
Mensaje D / 00:00:00:000 / hs1(02) / 00:00:00:000 para top(01)
Mensaje D / 00:00:00:000 / top(01) / 00:00:00:000 para Root(00)
Mensaje * / 00:00:00:000 / Root(00) para top(01)
Mensaje * / 00:00:00:000 / top(01) para hs1(02)
Mensaje Y / 00:00:00:000 / hs1(02) / out /      0.00000 para top(01)
Mensaje D / 00:00:00:000 / hs1(02) / 00:00:01:000 para top(01)
Mensaje Y / 00:00:00:000 / top(01) / out /      0.00000 para Root(00)
Mensaje D / 00:00:00:000 / top(01) / 00:00:01:000 para Root(00)
Mensaje * / 00:00:01:000 / Root(00) para top(01)
Mensaje * / 00:00:01:000 / top(01) para hs1(02)
Mensaje Y / 00:00:01:000 / hs1(02) / out /      0.00000 para top(01)
Mensaje D / 00:00:01:000 / hs1(02) / 00:00:01:000 para top(01)
Mensaje Y / 00:00:01:000 / top(01) / out /      0.00000 para Root(00)
Mensaje D / 00:00:01:000 / top(01) / 00:00:01:000 para Root(00)
Mensaje X / 00:00:02:000 / Root(00) / in /     -1.00000 para top(01)
Mensaje X / 00:00:02:000 / top(01) / in /     -1.00000 para hs1(02)
Mensaje D / 00:00:02:000 / hs1(02) / 00:00:00:000 para top(01)
Mensaje D / 00:00:02:000 / top(01) / 00:00:00:000 para Root(00)
Mensaje * / 00:00:02:000 / Root(00) para top(01)
Mensaje * / 00:00:02:000 / top(01) para hs1(02)
Mensaje Y / 00:00:02:000 / hs1(02) / out /      0.00000 para top(01)
Mensaje D / 00:00:02:000 / hs1(02) / 00:00:01:000 para top(01)
Mensaje Y / 00:00:02:000 / top(01) / out /      0.00000 para Root(00)
Mensaje D / 00:00:02:000 / top(01) / 00:00:01:000 para Root(00)
Mensaje * / 00:00:03:000 / Root(00) para top(01)
Mensaje * / 00:00:03:000 / top(01) para hs1(02)
Mensaje Y / 00:00:03:000 / hs1(02) / out /    359.00000 para top(01)
Mensaje D / 00:00:03:000 / hs1(02) / 00:00:01:000 para top(01)
Mensaje Y / 00:00:03:000 / top(01) / out /    359.00000 para Root(00)
Mensaje D / 00:00:03:000 / top(01) / 00:00:01:000 para Root(00)
Mensaje * / 00:00:04:000 / Root(00) para top(01)
Mensaje * / 00:00:04:000 / top(01) para hs1(02)
Mensaje Y / 00:00:04:000 / hs1(02) / out /    358.00000 para top(01)
Mensaje D / 00:00:04:000 / hs1(02) / 00:00:01:000 para top(01)
Mensaje Y / 00:00:04:000 / top(01) / out /    358.00000 para Root(00)
Mensaje D / 00:00:04:000 / top(01) / 00:00:01:000 para Root(00)
Mensaje X / 00:00:05:000 / Root(00) / in /      1.00000 para top(01)
Mensaje X / 00:00:05:000 / top(01) / in /      1.00000 para hs1(02)
Mensaje D / 00:00:05:000 / hs1(02) / 00:00:00:000 para top(01)
Mensaje D / 00:00:05:000 / top(01) / 00:00:00:000 para Root(00)
Mensaje * / 00:00:05:000 / Root(00) para top(01)
Mensaje * / 00:00:05:000 / top(01) para hs1(02)
Mensaje Y / 00:00:05:000 / hs1(02) / out /    357.00000 para top(01)
Mensaje D / 00:00:05:000 / hs1(02) / 00:00:01:000 para top(01)
Mensaje Y / 00:00:05:000 / top(01) / out /    357.00000 para Root(00)
Mensaje D / 00:00:05:000 / top(01) / 00:00:01:000 para Root(00)
Mensaje * / 00:00:06:000 / Root(00) para top(01)
Mensaje * / 00:00:06:000 / top(01) para hs1(02)
Mensaje Y / 00:00:06:000 / hs1(02) / out /    358.00000 para top(01)
Mensaje D / 00:00:06:000 / hs1(02) / 00:00:01:000 para top(01)
Mensaje Y / 00:00:06:000 / top(01) / out /    358.00000 para Root(00)
Mensaje D / 00:00:06:000 / top(01) / 00:00:01:000 para Root(00)
Mensaje * / 00:00:07:000 / Root(00) para top(01)
Mensaje * / 00:00:07:000 / top(01) para hs1(02)
Mensaje Y / 00:00:07:000 / hs1(02) / out /    359.00000 para top(01)
Mensaje D / 00:00:07:000 / hs1(02) / 00:00:01:000 para top(01)
Mensaje Y / 00:00:07:000 / top(01) / out /    359.00000 para Root(00)
Mensaje D / 00:00:07:000 / top(01) / 00:00:01:000 para Root(00)
Mensaje * / 00:00:08:000 / Root(00) para top(01)
Mensaje * / 00:00:08:000 / top(01) para hs1(02)
Mensaje Y / 00:00:08:000 / hs1(02) / out /      0.00000 para top(01)
Mensaje D / 00:00:08:000 / hs1(02) / 00:00:01:000 para top(01)
Mensaje Y / 00:00:08:000 / top(01) / out /      0.00000 para Root(00)
Mensaje D / 00:00:08:000 / top(01) / 00:00:01:000 para Root(00)
Mensaje X / 00:00:09:000 / Root(00) / in /      0.00000 para top(01)
Mensaje X / 00:00:09:000 / top(01) / in /      0.00000 para hs1(02)
Mensaje D / 00:00:09:000 / hs1(02) / 00:00:00:000 para top(01)
Mensaje D / 00:00:09:000 / top(01) / 00:00:00:000 para Root(00)
Mensaje * / 00:00:09:000 / Root(00) para top(01)
Mensaje * / 00:00:09:000 / top(01) para hs1(02)
Mensaje Y / 00:00:09:000 / hs1(02) / out /      1.00000 para top(01)
Mensaje D / 00:00:09:000 / hs1(02) / 00:00:01:000 para top(01)
Mensaje Y / 00:00:09:000 / top(01) / out /      1.00000 para Root(00)
Mensaje D / 00:00:09:000 / top(01) / 00:00:01:000 para Root(00)
Mensaje * / 00:00:10:000 / Root(00) para top(01)
Mensaje * / 00:00:10:000 / top(01) para hs1(02)
Mensaje Y / 00:00:10:000 / hs1(02) / out /      1.00000 para top(01)
Mensaje D / 00:00:10:000 / hs1(02) / 00:00:01:000 para top(01)
Mensaje Y / 00:00:10:000 / top(01) / out /      1.00000 para Root(00)
Mensaje D / 00:00:10:000 / top(01) / 00:00:01:000 para Root(00)
Mensaje X / 00:00:11:000 / Root(00) / in /  -5000.00000 para top(01)
Mensaje X / 00:00:11:000 / top(01) / in /  -5000.00000 para hs1(02)
Mensaje D / 00:00:11:000 / hs1(02) / 00:00:00:000 para top(01)
Mensaje D / 00:00:11:000 / top(01) / 00:00:00:000 para Root(00)
Mensaje * / 00:00:11:000 / Root(00) para top(01)
Mensaje * / 00:00:11:000 / top(01) para hs1(02)
Mensaje Y / 00:00:11:000 / hs1(02) / out /      1.00000 para top(01)
Mensaje D / 00:00:11:000 / hs1(02) / ... para top(01)
Mensaje Y / 00:00:11:000 / top(01) / out /      1.00000 para Root(00)
Mensaje D / 00:00:11:000 / top(01) / ... para Root(00)
Mensaje X / 00:00:12:000 / Root(00) / in /  -4587.00000 para top(01)
Mensaje X / 00:00:12:000 / top(01) / in /  -4587.00000 para hs1(02)
Mensaje D / 00:00:12:000 / hs1(02) / 00:00:00:000 para top(01)
Mensaje D / 00:00:12:000 / top(01) / 00:00:00:000 para Root(00)
Mensaje * / 00:00:12:000 / Root(00) para top(01)
Mensaje * / 00:00:12:000 / top(01) para hs1(02)
Mensaje Y / 00:00:12:000 / hs1(02) / out /      1.00000 para top(01)
Mensaje D / 00:00:12:000 / hs1(02) / ... para top(01)
Mensaje Y / 00:00:12:000 / top(01) / out /      1.00000 para Root(00)
Mensaje D / 00:00:12:000 / top(01) / ... para Root(00)
