Mensaje I / 00:00:00:000 / Root(00) para top(01)
Mensaje I / 00:00:00:000 / top(01) para is1(02)
Mensaje D / 00:00:00:000 / is1(02) / ... para top(01)
Mensaje D / 00:00:00:000 / top(01) / ... para Root(00)
Mensaje X / 00:00:02:000 / Root(00) / in /      5.00000 para top(01)
Mensaje X / 00:00:02:000 / top(01) / in /      5.00000 para is1(02)
Mensaje D / 00:00:02:000 / is1(02) / 00:00:01:000 para top(01)
Mensaje D / 00:00:02:000 / top(01) / 00:00:01:000 para Root(00)
Mensaje * / 00:00:03:000 / Root(00) para top(01)
Mensaje * / 00:00:03:000 / top(01) para is1(02)
Mensaje Y / 00:00:03:000 / is1(02) / out /      1.00000 para top(01)
Mensaje D / 00:00:03:000 / is1(02) / ... para top(01)
Mensaje Y / 00:00:03:000 / top(01) / out /      1.00000 para Root(00)
Mensaje D / 00:00:03:000 / top(01) / ... para Root(00)
Mensaje X / 00:00:05:000 / Root(00) / in /     10.00000 para top(01)
Mensaje X / 00:00:05:000 / top(01) / in /     10.00000 para is1(02)
Mensaje D / 00:00:05:000 / is1(02) / 00:00:01:000 para top(01)
Mensaje D / 00:00:05:000 / top(01) / 00:00:01:000 para Root(00)
Mensaje * / 00:00:06:000 / Root(00) para top(01)
Mensaje * / 00:00:06:000 / top(01) para is1(02)
Mensaje Y / 00:00:06:000 / is1(02) / out /      1.00000 para top(01)
Mensaje D / 00:00:06:000 / is1(02) / ... para top(01)
Mensaje Y / 00:00:06:000 / top(01) / out /      1.00000 para Root(00)
Mensaje D / 00:00:06:000 / top(01) / ... para Root(00)
Mensaje X / 00:00:08:000 / Root(00) / in /  -5000.00000 para top(01)
Mensaje X / 00:00:08:000 / top(01) / in /  -5000.00000 para is1(02)
Mensaje D / 00:00:08:000 / is1(02) / ... para top(01)
Mensaje D / 00:00:08:000 / top(01) / ... para Root(00)
