00:00:03:000 status 0
00:00:03:000 turningport -1
00:00:03:000 turnleft 1
00:00:03:000 turnright 0
00:00:06:000 status 100
00:00:06:000 turningport -1
00:00:06:000 turnleft 1
00:00:06:000 turnright 0
00:00:11:000 status 180
00:00:11:000 turningport 1
00:00:11:000 turnright 1
00:00:11:000 turnleft 0
00:00:13:000 status 100
00:00:13:000 turningport -1
00:00:13:000 turnleft 1
00:00:13:000 turnright 0
00:00:15:000 status 175
00:00:15:000 turningport 0
00:00:15:000 turnleft 1
00:00:15:000 turnright 1
00:00:17:000 status 175
00:00:17:000 turningport 0
00:00:17:000 turnleft 1
00:00:17:000 turnright 1
00:00:19:000 status 175
00:00:19:000 turningport 0
00:00:19:000 turnleft 0
00:00:19:000 turnright 0
00:00:21:000 status 175
00:00:21:000 turningport -1
00:00:21:000 turnleft 1
00:00:21:000 turnright 0
00:00:23:000 status 180
00:00:23:000 turningport 0
00:00:23:000 turnleft 1
00:00:23:000 turnright 1
00:00:25:000 status 180
00:00:25:000 turningport 0
00:00:25:000 turnleft 1
00:00:25:000 turnright 1
00:00:27:000 status 180
00:00:27:000 turningport 0
00:00:27:000 turnleft 1
00:00:27:000 turnright 1
00:00:31:000 status 9999
00:00:31:000 turningport 0
00:00:31:000 turnleft 1
00:00:31:000 turnright 1
