Mensaje I / 00:00:00:000 / Root(00) para top(01)
Mensaje I / 00:00:00:000 / top(01) para mc1(02)
Mensaje D / 00:00:00:000 / mc1(02) / ... para top(01)
Mensaje D / 00:00:00:000 / top(01) / ... para Root(00)
Mensaje X / 00:00:02:000 / Root(00) / inputheading /    175.00000 para top(01)
Mensaje X / 00:00:02:000 / top(01) / inputheading /    175.00000 para mc1(02)
Mensaje D / 00:00:02:000 / mc1(02) / 00:00:01:000 para top(01)
Mensaje D / 00:00:02:000 / top(01) / 00:00:01:000 para Root(00)
Mensaje * / 00:00:03:000 / Root(00) para top(01)
Mensaje * / 00:00:03:000 / top(01) para mc1(02)
Mensaje Y / 00:00:03:000 / mc1(02) / status /      0.00000 para top(01)
Mensaje Y / 00:00:03:000 / mc1(02) / turningport /     -1.00000 para top(01)
Mensaje Y / 00:00:03:000 / mc1(02) / turnleft /      1.00000 para top(01)
Mensaje Y / 00:00:03:000 / mc1(02) / turnright /      0.00000 para top(01)
Mensaje D / 00:00:03:000 / mc1(02) / ... para top(01)
Mensaje Y / 00:00:03:000 / top(01) / status /      0.00000 para Root(00)
Mensaje Y / 00:00:03:000 / top(01) / turningport /     -1.00000 para Root(00)
Mensaje Y / 00:00:03:000 / top(01) / turnleft /      1.00000 para Root(00)
Mensaje Y / 00:00:03:000 / top(01) / turnright /      0.00000 para Root(00)
Mensaje D / 00:00:03:000 / top(01) / ... para Root(00)
Mensaje X / 00:00:05:000 / Root(00) / heading /    100.00000 para top(01)
Mensaje X / 00:00:05:000 / top(01) / heading /    100.00000 para mc1(02)
Mensaje D / 00:00:05:000 / mc1(02) / 00:00:01:000 para top(01)
Mensaje D / 00:00:05:000 / top(01) / 00:00:01:000 para Root(00)
Mensaje * / 00:00:06:000 / Root(00) para top(01)
Mensaje * / 00:00:06:000 / top(01) para mc1(02)
Mensaje Y / 00:00:06:000 / mc1(02) / status /    100.00000 para top(01)
Mensaje Y / 00:00:06:000 / mc1(02) / turningport /     -1.00000 para top(01)
Mensaje Y / 00:00:06:000 / mc1(02) / turnleft /      1.00000 para top(01)
Mensaje Y / 00:00:06:000 / mc1(02) / turnright /      0.00000 para top(01)
Mensaje D / 00:00:06:000 / mc1(02) / ... para top(01)
Mensaje Y / 00:00:06:000 / top(01) / status /    100.00000 para Root(00)
Mensaje Y / 00:00:06:000 / top(01) / turningport /     -1.00000 para Root(00)
Mensaje Y / 00:00:06:000 / top(01) / turnleft /      1.00000 para Root(00)
Mensaje Y / 00:00:06:000 / top(01) / turnright /      0.00000 para Root(00)
Mensaje D / 00:00:06:000 / top(01) / ... para Root(00)
Mensaje X / 00:00:09:000 / Root(00) / heading /    175.00000 para top(01)
Mensaje X / 00:00:09:000 / top(01) / heading /    175.00000 para mc1(02)
Mensaje D / 00:00:09:000 / mc1(02) / 00:00:01:000 para top(01)
Mensaje D / 00:00:09:000 / top(01) / 00:00:01:000 para Root(00)
Mensaje X / 00:00:10:000 / Root(00) / heading /    180.00000 para top(01)
Mensaje X / 00:00:10:000 / top(01) / heading /    180.00000 para mc1(02)
Mensaje D / 00:00:10:000 / mc1(02) / 00:00:01:000 para top(01)
Mensaje D / 00:00:10:000 / top(01) / 00:00:01:000 para Root(00)
Mensaje * / 00:00:11:000 / Root(00) para top(01)
Mensaje * / 00:00:11:000 / top(01) para mc1(02)
Mensaje Y / 00:00:11:000 / mc1(02) / status /    180.00000 para top(01)
Mensaje Y / 00:00:11:000 / mc1(02) / turningport /      1.00000 para top(01)
Mensaje Y / 00:00:11:000 / mc1(02) / turnright /      1.00000 para top(01)
Mensaje Y / 00:00:11:000 / mc1(02) / turnleft /      0.00000 para top(01)
Mensaje D / 00:00:11:000 / mc1(02) / ... para top(01)
Mensaje Y / 00:00:11:000 / top(01) / status /    180.00000 para Root(00)
Mensaje Y / 00:00:11:000 / top(01) / turningport /      1.00000 para Root(00)
Mensaje Y / 00:00:11:000 / top(01) / turnright /      1.00000 para Root(00)
Mensaje Y / 00:00:11:000 / top(01) / turnleft /      0.00000 para Root(00)
Mensaje D / 00:00:11:000 / top(01) / ... para Root(00)
Mensaje X / 00:00:12:000 / Root(00) / heading /    100.00000 para top(01)
Mensaje X / 00:00:12:000 / top(01) / heading /    100.00000 para mc1(02)
Mensaje D / 00:00:12:000 / mc1(02) / 00:00:01:000 para top(01)
Mensaje D / 00:00:12:000 / top(01) / 00:00:01:000 para Root(00)
Mensaje * / 00:00:13:000 / Root(00) para top(01)
Mensaje * / 00:00:13:000 / top(01) para mc1(02)
Mensaje Y / 00:00:13:000 / mc1(02) / status /    100.00000 para top(01)
Mensaje Y / 00:00:13:000 / mc1(02) / turningport /     -1.00000 para top(01)
Mensaje Y / 00:00:13:000 / mc1(02) / turnleft /      1.00000 para top(01)
Mensaje Y / 00:00:13:000 / mc1(02) / turnright /      0.00000 para top(01)
Mensaje D / 00:00:13:000 / mc1(02) / ... para top(01)
Mensaje Y / 00:00:13:000 / top(01) / status /    100.00000 para Root(00)
Mensaje Y / 00:00:13:000 / top(01) / turningport /     -1.00000 para Root(00)
Mensaje Y / 00:00:13:000 / top(01) / turnleft /      1.00000 para Root(00)
Mensaje Y / 00:00:13:000 / top(01) / turnright /      0.00000 para Root(00)
Mensaje D / 00:00:13:000 / top(01) / ... para Root(00)
Mensaje X / 00:00:14:000 / Root(00) / heading /    175.00000 para top(01)
Mensaje X / 00:00:14:000 / top(01) / heading /    175.00000 para mc1(02)
Mensaje D / 00:00:14:000 / mc1(02) / 00:00:01:000 para top(01)
Mensaje D / 00:00:14:000 / top(01) / 00:00:01:000 para Root(00)
Mensaje * / 00:00:15:000 / Root(00) para top(01)
Mensaje * / 00:00:15:000 / top(01) para mc1(02)
Mensaje Y / 00:00:15:000 / mc1(02) / status /    175.00000 para top(01)
Mensaje Y / 00:00:15:000 / mc1(02) / turningport /      0.00000 para top(01)
Mensaje Y / 00:00:15:000 / mc1(02) / turnleft /      1.00000 para top(01)
Mensaje Y / 00:00:15:000 / mc1(02) / turnright /      1.00000 para top(01)
Mensaje D / 00:00:15:000 / mc1(02) / ... para top(01)
Mensaje Y / 00:00:15:000 / top(01) / status /    175.00000 para Root(00)
Mensaje Y / 00:00:15:000 / top(01) / turningport /      0.00000 para Root(00)
Mensaje Y / 00:00:15:000 / top(01) / turnleft /      1.00000 para Root(00)
Mensaje Y / 00:00:15:000 / top(01) / turnright /      1.00000 para Root(00)
Mensaje D / 00:00:15:000 / top(01) / ... para Root(00)
Mensaje X / 00:00:16:000 / Root(00) / heading /    175.00000 para top(01)
Mensaje X / 00:00:16:000 / top(01) / heading /    175.00000 para mc1(02)
Mensaje D / 00:00:16:000 / mc1(02) / 00:00:01:000 para top(01)
Mensaje D / 00:00:16:000 / top(01) / 00:00:01:000 para Root(00)
Mensaje * / 00:00:17:000 / Root(00) para top(01)
Mensaje * / 00:00:17:000 / top(01) para mc1(02)
Mensaje Y / 00:00:17:000 / mc1(02) / status /    175.00000 para top(01)
Mensaje Y / 00:00:17:000 / mc1(02) / turningport /      0.00000 para top(01)
Mensaje Y / 00:00:17:000 / mc1(02) / turnleft /      1.00000 para top(01)
Mensaje Y / 00:00:17:000 / mc1(02) / turnright /      1.00000 para top(01)
Mensaje D / 00:00:17:000 / mc1(02) / ... para top(01)
Mensaje Y / 00:00:17:000 / top(01) / status /    175.00000 para Root(00)
Mensaje Y / 00:00:17:000 / top(01) / turningport /      0.00000 para Root(00)
Mensaje Y / 00:00:17:000 / top(01) / turnleft /      1.00000 para Root(00)
Mensaje Y / 00:00:17:000 / top(01) / turnright /      1.00000 para Root(00)
Mensaje D / 00:00:17:000 / top(01) / ... para Root(00)
Mensaje X / 00:00:18:000 / Root(00) / inputheading /   9999.00000 para top(01)
Mensaje X / 00:00:18:000 / top(01) / inputheading /   9999.00000 para mc1(02)
Mensaje D / 00:00:18:000 / mc1(02) / 00:00:01:000 para top(01)
Mensaje D / 00:00:18:000 / top(01) / 00:00:01:000 para Root(00)
Mensaje * / 00:00:19:000 / Root(00) para top(01)
Mensaje * / 00:00:19:000 / top(01) para mc1(02)
Mensaje Y / 00:00:19:000 / mc1(02) / status /    175.00000 para top(01)
Mensaje Y / 00:00:19:000 / mc1(02) / turningport /      0.00000 para top(01)
Mensaje Y / 00:00:19:000 / mc1(02) / turnleft /      0.00000 para top(01)
Mensaje Y / 00:00:19:000 / mc1(02) / turnright /      0.00000 para top(01)
Mensaje D / 00:00:19:000 / mc1(02) / ... para top(01)
Mensaje Y / 00:00:19:000 / top(01) / status /    175.00000 para Root(00)
Mensaje Y / 00:00:19:000 / top(01) / turningport /      0.00000 para Root(00)
Mensaje Y / 00:00:19:000 / top(01) / turnleft /      0.00000 para Root(00)
Mensaje Y / 00:00:19:000 / top(01) / turnright /      0.00000 para Root(00)
Mensaje D / 00:00:19:000 / top(01) / ... para Root(00)
Mensaje X / 00:00:20:000 / Root(00) / inputheading /    180.00000 para top(01)
Mensaje X / 00:00:20:000 / top(01) / inputheading /    180.00000 para mc1(02)
Mensaje D / 00:00:20:000 / mc1(02) / 00:00:01:000 para top(01)
Mensaje D / 00:00:20:000 / top(01) / 00:00:01:000 para Root(00)
Mensaje * / 00:00:21:000 / Root(00) para top(01)
Mensaje * / 00:00:21:000 / top(01) para mc1(02)
Mensaje Y / 00:00:21:000 / mc1(02) / status /    175.00000 para top(01)
Mensaje Y / 00:00:21:000 / mc1(02) / turningport /     -1.00000 para top(01)
Mensaje Y / 00:00:21:000 / mc1(02) / turnleft /      1.00000 para top(01)
Mensaje Y / 00:00:21:000 / mc1(02) / turnright /      0.00000 para top(01)
Mensaje D / 00:00:21:000 / mc1(02) / ... para top(01)
Mensaje Y / 00:00:21:000 / top(01) / status /    175.00000 para Root(00)
Mensaje Y / 00:00:21:000 / top(01) / turningport /     -1.00000 para Root(00)
Mensaje Y / 00:00:21:000 / top(01) / turnleft /      1.00000 para Root(00)
Mensaje Y / 00:00:21:000 / top(01) / turnright /      0.00000 para Root(00)
Mensaje D / 00:00:21:000 / top(01) / ... para Root(00)
Mensaje X / 00:00:22:000 / Root(00) / heading /    180.00000 para top(01)
Mensaje X / 00:00:22:000 / top(01) / heading /    180.00000 para mc1(02)
Mensaje D / 00:00:22:000 / mc1(02) / 00:00:01:000 para top(01)
Mensaje D / 00:00:22:000 / top(01) / 00:00:01:000 para Root(00)
Mensaje * / 00:00:23:000 / Root(00) para top(01)
Mensaje * / 00:00:23:000 / top(01) para mc1(02)
Mensaje Y / 00:00:23:000 / mc1(02) / status /    180.00000 para top(01)
Mensaje Y / 00:00:23:000 / mc1(02) / turningport /      0.00000 para top(01)
Mensaje Y / 00:00:23:000 / mc1(02) / turnleft /      1.00000 para top(01)
Mensaje Y / 00:00:23:000 / mc1(02) / turnright /      1.00000 para top(01)
Mensaje D / 00:00:23:000 / mc1(02) / ... para top(01)
Mensaje Y / 00:00:23:000 / top(01) / status /    180.00000 para Root(00)
Mensaje Y / 00:00:23:000 / top(01) / turningport /      0.00000 para Root(00)
Mensaje Y / 00:00:23:000 / top(01) / turnleft /      1.00000 para Root(00)
Mensaje Y / 00:00:23:000 / top(01) / turnright /      1.00000 para Root(00)
Mensaje D / 00:00:23:000 / top(01) / ... para Root(00)
Mensaje X / 00:00:24:000 / Root(00) / inputheading /    500.00000 para top(01)
Mensaje X / 00:00:24:000 / top(01) / inputheading /    500.00000 para mc1(02)
Mensaje D / 00:00:24:000 / mc1(02) / 00:00:01:000 para top(01)
Mensaje D / 00:00:24:000 / top(01) / 00:00:01:000 para Root(00)
Mensaje * / 00:00:25:000 / Root(00) para top(01)
Mensaje * / 00:00:25:000 / top(01) para mc1(02)
Mensaje Y / 00:00:25:000 / mc1(02) / status /    180.00000 para top(01)
Mensaje Y / 00:00:25:000 / mc1(02) / turningport /      0.00000 para top(01)
Mensaje Y / 00:00:25:000 / mc1(02) / turnleft /      1.00000 para top(01)
Mensaje Y / 00:00:25:000 / mc1(02) / turnright /      1.00000 para top(01)
Mensaje D / 00:00:25:000 / mc1(02) / ... para top(01)
Mensaje Y / 00:00:25:000 / top(01) / status /    180.00000 para Root(00)
Mensaje Y / 00:00:25:000 / top(01) / turningport /      0.00000 para Root(00)
Mensaje Y / 00:00:25:000 / top(01) / turnleft /      1.00000 para Root(00)
Mensaje Y / 00:00:25:000 / top(01) / turnright /      1.00000 para Root(00)
Mensaje D / 00:00:25:000 / top(01) / ... para Root(00)
Mensaje X / 00:00:26:000 / Root(00) / heading /    180.00000 para top(01)
Mensaje X / 00:00:26:000 / top(01) / heading /    180.00000 para mc1(02)
Mensaje D / 00:00:26:000 / mc1(02) / 00:00:01:000 para top(01)
Mensaje D / 00:00:26:000 / top(01) / 00:00:01:000 para Root(00)
Mensaje * / 00:00:27:000 / Root(00) para top(01)
Mensaje * / 00:00:27:000 / top(01) para mc1(02)
Mensaje Y / 00:00:27:000 / mc1(02) / status /    180.00000 para top(01)
Mensaje Y / 00:00:27:000 / mc1(02) / turningport /      0.00000 para top(01)
Mensaje Y / 00:00:27:000 / mc1(02) / turnleft /      1.00000 para top(01)
Mensaje Y / 00:00:27:000 / mc1(02) / turnright /      1.00000 para top(01)
Mensaje D / 00:00:27:000 / mc1(02) / ... para top(01)
Mensaje Y / 00:00:27:000 / top(01) / status /    180.00000 para Root(00)
Mensaje Y / 00:00:27:000 / top(01) / turningport /      0.00000 para Root(00)
Mensaje Y / 00:00:27:000 / top(01) / turnleft /      1.00000 para Root(00)
Mensaje Y / 00:00:27:000 / top(01) / turnright /      1.00000 para Root(00)
Mensaje D / 00:00:27:000 / top(01) / ... para Root(00)
Mensaje X / 00:00:30:000 / Root(00) / intruder /      1.00000 para top(01)
Mensaje X / 00:00:30:000 / top(01) / intruder /      1.00000 para mc1(02)
Mensaje D / 00:00:30:000 / mc1(02) / 00:00:01:000 para top(01)
Mensaje D / 00:00:30:000 / top(01) / 00:00:01:000 para Root(00)
Mensaje * / 00:00:31:000 / Root(00) para top(01)
Mensaje * / 00:00:31:000 / top(01) para mc1(02)
Mensaje Y / 00:00:31:000 / mc1(02) / status /   9999.00000 para top(01)
Mensaje Y / 00:00:31:000 / mc1(02) / turningport /      0.00000 para top(01)
Mensaje Y / 00:00:31:000 / mc1(02) / turnleft /      1.00000 para top(01)
Mensaje Y / 00:00:31:000 / mc1(02) / turnright /      1.00000 para top(01)
Mensaje D / 00:00:31:000 / mc1(02) / ... para top(01)
Mensaje Y / 00:00:31:000 / top(01) / status /   9999.00000 para Root(00)
Mensaje Y / 00:00:31:000 / top(01) / turningport /      0.00000 para Root(00)
Mensaje Y / 00:00:31:000 / top(01) / turnleft /      1.00000 para Root(00)
Mensaje Y / 00:00:31:000 / top(01) / turnright /      1.00000 para Root(00)
Mensaje D / 00:00:31:000 / top(01) / ... para Root(00)
