Mensaje I / 00:00:00:000 / Root(00) para top(01)
Mensaje I / 00:00:00:000 / top(01) para ws1(02)
Mensaje I / 00:00:00:000 / top(01) para ws2(03)
Mensaje D / 00:00:00:000 / ws1(02) / ... para top(01)
Mensaje D / 00:00:00:000 / ws2(03) / ... para top(01)
Mensaje D / 00:00:00:000 / top(01) / ... para Root(00)
Mensaje X / 00:00:02:000 / Root(00) / turnright /     10.00000 para top(01)
Mensaje X / 00:00:02:000 / top(01) / in /     10.00000 para ws2(03)
Mensaje D / 00:00:02:000 / ws2(03) / 00:00:01:000 para top(01)
Mensaje D / 00:00:02:000 / top(01) / 00:00:01:000 para Root(00)
Mensaje * / 00:00:03:000 / Root(00) para top(01)
Mensaje * / 00:00:03:000 / top(01) para ws2(03)
Mensaje Y / 00:00:03:000 / ws2(03) / out /     10.00000 para top(01)
Mensaje D / 00:00:03:000 / ws2(03) / ... para top(01)
Mensaje Y / 00:00:03:000 / top(01) / rightwheel /     10.00000 para Root(00)
Mensaje D / 00:00:03:000 / top(01) / ... para Root(00)
Mensaje X / 00:00:04:000 / Root(00) / turnleft /     10.00000 para top(01)
Mensaje X / 00:00:04:000 / top(01) / in /     10.00000 para ws1(02)
Mensaje D / 00:00:04:000 / ws1(02) / 00:00:01:000 para top(01)
Mensaje D / 00:00:04:000 / top(01) / 00:00:01:000 para Root(00)
Mensaje * / 00:00:05:000 / Root(00) para top(01)
Mensaje * / 00:00:05:000 / top(01) para ws1(02)
Mensaje Y / 00:00:05:000 / ws1(02) / out /     10.00000 para top(01)
Mensaje D / 00:00:05:000 / ws1(02) / ... para top(01)
Mensaje Y / 00:00:05:000 / top(01) / leftwheel /     10.00000 para Root(00)
Mensaje D / 00:00:05:000 / top(01) / ... para Root(00)
Mensaje X / 00:00:06:000 / Root(00) / turnleft /     20.00000 para top(01)
Mensaje X / 00:00:06:000 / top(01) / in /     20.00000 para ws1(02)
Mensaje D / 00:00:06:000 / ws1(02) / 00:00:01:000 para top(01)
Mensaje D / 00:00:06:000 / top(01) / 00:00:01:000 para Root(00)
Mensaje * / 00:00:07:000 / Root(00) para top(01)
Mensaje * / 00:00:07:000 / top(01) para ws1(02)
Mensaje Y / 00:00:07:000 / ws1(02) / out /     20.00000 para top(01)
Mensaje D / 00:00:07:000 / ws1(02) / ... para top(01)
Mensaje Y / 00:00:07:000 / top(01) / leftwheel /     20.00000 para Root(00)
Mensaje D / 00:00:07:000 / top(01) / ... para Root(00)
Mensaje X / 00:00:08:000 / Root(00) / turnright /     20.00000 para top(01)
Mensaje X / 00:00:08:000 / top(01) / in /     20.00000 para ws2(03)
Mensaje D / 00:00:08:000 / ws2(03) / 00:00:01:000 para top(01)
Mensaje D / 00:00:08:000 / top(01) / 00:00:01:000 para Root(00)
Mensaje * / 00:00:09:000 / Root(00) para top(01)
Mensaje * / 00:00:09:000 / top(01) para ws2(03)
Mensaje Y / 00:00:09:000 / ws2(03) / out /     20.00000 para top(01)
Mensaje D / 00:00:09:000 / ws2(03) / ... para top(01)
Mensaje Y / 00:00:09:000 / top(01) / rightwheel /     20.00000 para Root(00)
Mensaje D / 00:00:09:000 / top(01) / ... para Root(00)
Mensaje X / 00:00:10:000 / Root(00) / turnleft /      0.00000 para top(01)
Mensaje X / 00:00:10:000 / top(01) / in /      0.00000 para ws1(02)
Mensaje D / 00:00:10:000 / ws1(02) / 00:00:01:000 para top(01)
Mensaje D / 00:00:10:000 / top(01) / 00:00:01:000 para Root(00)
Mensaje * / 00:00:11:000 / Root(00) para top(01)
Mensaje * / 00:00:11:000 / top(01) para ws1(02)
Mensaje Y / 00:00:11:000 / ws1(02) / out /      0.00000 para top(01)
Mensaje D / 00:00:11:000 / ws1(02) / ... para top(01)
Mensaje Y / 00:00:11:000 / top(01) / leftwheel /      0.00000 para Root(00)
Mensaje D / 00:00:11:000 / top(01) / ... para Root(00)
Mensaje X / 00:00:12:000 / Root(00) / turnright /      0.00000 para top(01)
Mensaje X / 00:00:12:000 / top(01) / in /      0.00000 para ws2(03)
Mensaje D / 00:00:12:000 / ws2(03) / 00:00:01:000 para top(01)
Mensaje D / 00:00:12:000 / top(01) / 00:00:01:000 para Root(00)
Mensaje * / 00:00:13:000 / Root(00) para top(01)
Mensaje * / 00:00:13:000 / top(01) para ws2(03)
Mensaje Y / 00:00:13:000 / ws2(03) / out /      0.00000 para top(01)
Mensaje D / 00:00:13:000 / ws2(03) / ... para top(01)
Mensaje Y / 00:00:13:000 / top(01) / rightwheel /      0.00000 para Root(00)
Mensaje D / 00:00:13:000 / top(01) / ... para Root(00)
